<?xml version="1.0" encoding="UTF-8"?>
<robot generator="Robot 7.3.2 (Python 3.13.7 on win32)" generated="2025-09-08T01:50:51.086230" rpa="false" schemaversion="5">
<suite id="s1" name="Chifoumi" source="C:\Users\darla\PycharmProjects\chifoumi_">
<suite id="s1-s1" name="Test Suites" source="C:\Users\darla\PycharmProjects\chifoumi_\test_suites">
<suite id="s1-s1-s1" name="US 20 player management" source="C:\Users\darla\PycharmProjects\chifoumi_\test_suites\US_20_player_management.robot">
<test id="s1-s1-s1-t1" name="TEST 22-1: challenge is cancelled" line="34">
<kw name="Clear Game" owner="ChiFouMiKeyWords" type="SETUP">
<status status="PASS" start="2025-09-08T01:50:51.417413" elapsed="0.000133"/>
</kw>
<kw name="Create player Alice">
<kw name="Create Player" owner="ChiFouMiKeyWords">
<msg time="2025-09-08T01:50:51.418548" level="INFO">${PLAYER_A} = 7c479ab9-8c45-11f0-b97c-345a6021f7c8</msg>
<var>${PLAYER_A}</var>
<arg>Alice</arg>
<arg>alice@gmail.com</arg>
<status status="PASS" start="2025-09-08T01:50:51.418417" elapsed="0.000157"/>
</kw>
<kw name="Set Test Variable" owner="BuiltIn">
<msg time="2025-09-08T01:50:51.419061" level="INFO">${ALICE} = 7c479ab9-8c45-11f0-b97c-345a6021f7c8</msg>
<arg>${ALICE}</arg>
<arg>${PLAYER_A}</arg>
<doc>Makes a variable available everywhere within the scope of the current test.</doc>
<status status="PASS" start="2025-09-08T01:50:51.418659" elapsed="0.000436"/>
</kw>
<status status="PASS" start="2025-09-08T01:50:51.418233" elapsed="0.000906"/>
</kw>
<kw name="Player Initiates Challenge In Rounds" owner="ChiFouMiKeyWords">
<msg time="2025-09-08T01:50:51.419816" level="INFO">${AB_CHALLENGE} = 7c47cb40-8c45-11f0-a0b0-345a6021f7c8</msg>
<var>${AB_CHALLENGE}</var>
<arg>${ALICE}</arg>
<arg>3</arg>
<status status="PASS" start="2025-09-08T01:50:51.419483" elapsed="0.000353"/>
</kw>
<kw name="Check Challenge Exists In System" owner="ChiFouMiKeyWords">
<msg time="2025-09-08T01:50:51.420526" level="INFO">${existenceC} = True</msg>
<var>${existenceC}</var>
<arg>${AB_CHALLENGE}</arg>
<status status="PASS" start="2025-09-08T01:50:51.420406" elapsed="0.000137"/>
</kw>
<kw name="Should Be Equal" owner="BuiltIn">
<arg>${existenceC}</arg>
<arg>${True}</arg>
<doc>Fails if the given objects are unequal.</doc>
<status status="PASS" start="2025-09-08T01:50:51.420950" elapsed="0.000162"/>
</kw>
<kw name="Player Cancels Challenge" owner="ChiFouMiKeyWords">
<arg>${ALICE}</arg>
<arg>${AB_CHALLENGE}</arg>
<status status="PASS" start="2025-09-08T01:50:51.421763" elapsed="0.000131"/>
</kw>
<kw name="Check Challenge Exists In System" owner="ChiFouMiKeyWords">
<msg time="2025-09-08T01:50:51.422323" level="INFO">${existenceC} = False</msg>
<var>${existenceC}</var>
<arg>${AB_CHALLENGE}</arg>
<status status="PASS" start="2025-09-08T01:50:51.422196" elapsed="0.000145"/>
</kw>
<kw name="Should Be Equal" owner="BuiltIn">
<arg>${existenceC}</arg>
<arg>${False}</arg>
<doc>Fails if the given objects are unequal.</doc>
<status status="PASS" start="2025-09-08T01:50:51.422987" elapsed="0.000147"/>
</kw>
<doc>Annuler un défi chi fou mi</doc>
<status status="PASS" start="2025-09-08T01:50:51.416207" elapsed="0.007497"/>
</test>
<doc>Challenge management.
Keywords are defined in the suite file</doc>
<status status="PASS" start="2025-09-08T01:50:51.112156" elapsed="0.313069"/>
</suite>
<status status="PASS" start="2025-09-08T01:50:51.110410" elapsed="0.316542"/>
</suite>
<status status="PASS" start="2025-09-08T01:50:51.087630" elapsed="0.340287"/>
</suite>
<statistics>
<total>
<stat pass="1" fail="0" skip="0">All Tests</stat>
</total>
<tag>
</tag>
<suite>
<stat name="Chifoumi" id="s1" pass="1" fail="0" skip="0">Chifoumi</stat>
<stat name="Test Suites" id="s1-s1" pass="1" fail="0" skip="0">Chifoumi.Test Suites</stat>
<stat name="US 20 player management" id="s1-s1-s1" pass="1" fail="0" skip="0">Chifoumi.Test Suites.US 20 player management</stat>
</suite>
</statistics>
<errors>
<msg time="2025-09-08T01:50:51.070138" level="WARN">Error in file 'C:\Users\darla\PycharmProjects\chifoumi_\test_suites\test_12.robot' on line 13: The '[Return]' setting is deprecated. Use the 'RETURN' statement instead.</msg>
</errors>
</robot>
