<?xml version="1.0" encoding="UTF-8"?>
<robot generator="Robot 7.3.2 (Python 3.13.7 on win32)" generated="2025-09-02T17:18:06.512910" rpa="false" schemaversion="5">
<suite id="s1" name="Chifoumi" source="C:\Users\darla\PycharmProjects\chifoumi_">
<suite id="s1-s1" name="Test Suites" source="C:\Users\darla\PycharmProjects\chifoumi_\test_suites">
<suite id="s1-s1-s1" name="Test 12" source="C:\Users\darla\PycharmProjects\chifoumi_\test_suites\test_12.robot">
<test id="s1-s1-s1-t1" name="test 12-1 signe de la main d’un joueur de chi fou mi Stone" line="6">
<kw name="Clear Game" owner="ChiFouMiKeyWords" type="SETUP">
<status status="PASS" start="2025-09-02T17:18:06.851064" elapsed="0.000253"/>
</kw>
<kw name="Create Player Alice">
<kw name="Create Player" owner="ChiFouMiKeyWords">
<msg time="2025-09-02T17:18:06.852073" level="INFO">${id_alice} = 071a8c97-8810-11f0-828f-345a6021f7c8</msg>
<var>${id_alice}</var>
<arg>Alice</arg>
<arg>alice@gmail.com</arg>
<status status="PASS" start="2025-09-02T17:18:06.851925" elapsed="0.000173"/>
</kw>
<kw name="Log To Console" owner="BuiltIn">
<arg>${id_alice}</arg>
<doc>Logs the given message to the console.</doc>
<status status="PASS" start="2025-09-02T17:18:06.852168" elapsed="0.000249"/>
</kw>
<return>
<value>${id_alice}</value>
<status status="PASS" start="2025-09-02T17:18:06.852471" elapsed="0.000041"/>
</return>
<msg time="2025-09-02T17:18:06.852621" level="INFO">${ID} = 071a8c97-8810-11f0-828f-345a6021f7c8</msg>
<var>${ID}</var>
<status status="PASS" start="2025-09-02T17:18:06.851721" elapsed="0.000918"/>
</kw>
<status status="PASS" start="2025-09-02T17:18:06.850066" elapsed="0.003235"/>
</test>
<status status="PASS" start="2025-09-02T17:18:06.540162" elapsed="0.314034"/>
</suite>
<status status="PASS" start="2025-09-02T17:18:06.538630" elapsed="0.316267"/>
</suite>
<status status="PASS" start="2025-09-02T17:18:06.514419" elapsed="0.341232"/>
</suite>
<statistics>
<total>
<stat pass="1" fail="0" skip="0">All Tests</stat>
</total>
<tag>
</tag>
<suite>
<stat name="Chifoumi" id="s1" pass="1" fail="0" skip="0">Chifoumi</stat>
<stat name="Test Suites" id="s1-s1" pass="1" fail="0" skip="0">Chifoumi.Test Suites</stat>
<stat name="Test 12" id="s1-s1-s1" pass="1" fail="0" skip="0">Chifoumi.Test Suites.Test 12</stat>
</suite>
</statistics>
<errors>
<msg time="2025-09-02T17:18:06.508035" level="WARN">Error in file 'C:\Users\darla\PycharmProjects\chifoumi_\test_suites\test_12.robot' on line 13: The '[Return]' setting is deprecated. Use the 'RETURN' statement instead.</msg>
</errors>
</robot>
