<?xml version="1.0" encoding="UTF-8"?>
<robot generator="Robot 7.3.2 (Python 3.13.7 on win32)" generated="2025-09-25T22:35:37.995749" rpa="false" schemaversion="5">
<suite id="s1" name="Chifoumi" source="C:\Users\darla\PycharmProjects\chifoumi_">
<suite id="s1-s1" name="Test Suites" source="C:\Users\darla\PycharmProjects\chifoumi_\test_suites">
<suite id="s1-s1-s1" name="Test 10" source="C:\Users\darla\PycharmProjects\chifoumi_\test_suites\test_10.robot">
<test id="s1-s1-s1-t1" name="test 10-3 Créer deux joueurs avec deux emails identiques" line="25">
<kw name="Clear Game" owner="ChiFouMiKeyWords" type="SETUP">
<status status="PASS" start="2025-09-25T22:35:39.416045" elapsed="0.000147"/>
</kw>
<kw name="Create Player" owner="ChiFouMiKeyWords">
<msg time="2025-09-25T22:35:39.417042" level="INFO">${id_darlan} = 32d17ec0-9a4f-11f0-90c0-345a6021f7c8</msg>
<var>${id_darlan}</var>
<arg>Darlan</arg>
<arg>d@.com</arg>
<status status="PASS" start="2025-09-25T22:35:39.416810" elapsed="0.000267"/>
</kw>
<kw name="Log To Console" owner="BuiltIn">
<arg>${id_darlan}</arg>
<doc>Logs the given message to the console.</doc>
<status status="PASS" start="2025-09-25T22:35:39.417558" elapsed="0.000433"/>
</kw>
<kw name="Check Player Exists In System" owner="ChiFouMiKeyWords">
<msg time="2025-09-25T22:35:39.418710" level="INFO">${player_exist_v} = True</msg>
<var>${player_exist_v}</var>
<arg>${id_darlan}</arg>
<status status="PASS" start="2025-09-25T22:35:39.418521" elapsed="0.000218"/>
</kw>
<kw name="Create Player" owner="ChiFouMiKeyWords">
<msg time="2025-09-25T22:35:39.419452" level="INFO">${id_willy} = (409, 'A user with this email already exists')</msg>
<var>${id_willy}</var>
<arg>Guillaume</arg>
<arg>d@.com</arg>
<status status="PASS" start="2025-09-25T22:35:39.419259" elapsed="0.000221"/>
</kw>
<kw name="Log To Console" owner="BuiltIn">
<arg>${id_willy}</arg>
<doc>Logs the given message to the console.</doc>
<status status="PASS" start="2025-09-25T22:35:39.420794" elapsed="0.000478"/>
</kw>
<kw name="Check Player Exists In System" owner="ChiFouMiKeyWords">
<msg time="2025-09-25T22:35:39.422359" level="INFO">${player_exist_w} = False</msg>
<var>${player_exist_w}</var>
<arg>${id_willy}</arg>
<status status="PASS" start="2025-09-25T22:35:39.422153" elapsed="0.000247"/>
</kw>
<kw name="Should Not Be True" owner="BuiltIn">
<arg>${player_exist_v} and ${player_exist_w}</arg>
<doc>Fails if the given condition is true.</doc>
<status status="PASS" start="2025-09-25T22:35:39.422852" elapsed="0.000315"/>
</kw>
<kw name="Should Be Equal" owner="BuiltIn">
<arg>${id_willy}</arg>
<arg>(409, 'A user with this email already exists')</arg>
<doc>Fails if the given objects are unequal.</doc>
<status status="PASS" start="2025-09-25T22:35:39.423709" elapsed="0.000244"/>
</kw>
<doc>La création du 2ème joueur doit être refusée</doc>
<status status="PASS" start="2025-09-25T22:35:39.414840" elapsed="0.009853"/>
</test>
<status status="PASS" start="2025-09-25T22:35:38.143423" elapsed="1.282541"/>
</suite>
<status status="PASS" start="2025-09-25T22:35:38.140127" elapsed="1.287687"/>
</suite>
<status status="PASS" start="2025-09-25T22:35:37.998817" elapsed="1.430863"/>
</suite>
<statistics>
<total>
<stat pass="1" fail="0" skip="0">All Tests</stat>
</total>
<tag>
</tag>
<suite>
<stat name="Chifoumi" id="s1" pass="1" fail="0" skip="0">Chifoumi</stat>
<stat name="Test Suites" id="s1-s1" pass="1" fail="0" skip="0">Chifoumi.Test Suites</stat>
<stat name="Test 10" id="s1-s1-s1" pass="1" fail="0" skip="0">Chifoumi.Test Suites.Test 10</stat>
</suite>
</statistics>
<errors>
<msg time="2025-09-25T22:35:37.901031" level="WARN">Error in file 'C:\Users\darla\PycharmProjects\chifoumi_\test_suites\test_12.robot' on line 13: The '[Return]' setting is deprecated. Use the 'RETURN' statement instead.</msg>
</errors>
</robot>
